<?xml version="1.0" encoding="UTF-8"?>
<testsuite name="CanAccessHomeTest" skipped="0" failures="1" errors="0" tests="1" assertions="1" time="0.1692810559998179">
  <testcase name="test_sanity" classname="CanAccessHomeTest" assertions="1" time="0.1692810559998179">
    <failure type="test_sanity" message="Expected to include &quot;Hello World&quot;.">
Failure:
test_sanity(CanAccessHomeTest) [/Users/jwo/Projects/ironyard/photolog/test/features/can_access_home_test.rb:6]:
Expected to include "Hello World".
    </failure>
  </testcase>
</testsuite>
